<?xml version="1.0" encoding="UTF-8"?>
<testsuite name="com.nuvi.service.MemberServiceTest" tests="1" skipped="0" failures="0" errors="0" timestamp="2022-04-06T11:09:05" hostname="jws-MPro.local" time="0.568">
  <properties/>
  <testcase name="회원조회()" classname="com.nuvi.service.MemberServiceTest" time="0.568"/>
  <system-out><![CDATA[20:08:57.631 [Test worker] DEBUG org.springframework.test.context.BootstrapUtils - Instantiating CacheAwareContextLoaderDelegate from class [org.springframework.test.context.cache.DefaultCacheAwareContextLoaderDelegate]
20:08:57.642 [Test worker] DEBUG org.springframework.test.context.BootstrapUtils - Instantiating BootstrapContext using constructor [public org.springframework.test.context.support.DefaultBootstrapContext(java.lang.Class,org.springframework.test.context.CacheAwareContextLoaderDelegate)]
20:08:57.699 [Test worker] DEBUG org.springframework.test.context.BootstrapUtils - Instantiating TestContextBootstrapper for test class [com.nuvi.service.MemberServiceTest] from class [org.springframework.boot.test.context.SpringBootTestContextBootstrapper]
20:08:57.712 [Test worker] INFO org.springframework.boot.test.context.SpringBootTestContextBootstrapper - Neither @ContextConfiguration nor @ContextHierarchy found for test class [com.nuvi.service.MemberServiceTest], using SpringBootContextLoader
20:08:57.718 [Test worker] DEBUG org.springframework.test.context.support.AbstractContextLoader - Did not detect default resource location for test class [com.nuvi.service.MemberServiceTest]: class path resource [com/nuvi/service/MemberServiceTest-context.xml] does not exist
20:08:57.719 [Test worker] DEBUG org.springframework.test.context.support.AbstractContextLoader - Did not detect default resource location for test class [com.nuvi.service.MemberServiceTest]: class path resource [com/nuvi/service/MemberServiceTestContext.groovy] does not exist
20:08:57.719 [Test worker] INFO org.springframework.test.context.support.AbstractContextLoader - Could not detect default resource locations for test class [com.nuvi.service.MemberServiceTest]: no resource found for suffixes {-context.xml, Context.groovy}.
20:08:57.721 [Test worker] INFO org.springframework.test.context.support.AnnotationConfigContextLoaderUtils - Could not detect default configuration classes for test class [com.nuvi.service.MemberServiceTest]: MemberServiceTest does not declare any static, non-private, non-final, nested classes annotated with @Configuration.
20:08:57.778 [Test worker] DEBUG org.springframework.test.context.support.ActiveProfilesUtils - Could not find an 'annotation declaring class' for annotation type [org.springframework.test.context.ActiveProfiles] and class [com.nuvi.service.MemberServiceTest]
20:08:57.841 [Test worker] DEBUG org.springframework.context.annotation.ClassPathScanningCandidateComponentProvider - Identified candidate component class: file [/Users/kakjzi/Documents/myproject/back/neighborhood-back/build/classes/java/main/com/nuvi/NuviApplication.class]
20:08:57.845 [Test worker] INFO org.springframework.boot.test.context.SpringBootTestContextBootstrapper - Found @SpringBootConfiguration com.nuvi.NuviApplication for test class com.nuvi.service.MemberServiceTest
20:08:57.950 [Test worker] DEBUG org.springframework.boot.test.context.SpringBootTestContextBootstrapper - @TestExecutionListeners is not present for class [com.nuvi.service.MemberServiceTest]: using defaults.
20:08:57.950 [Test worker] INFO org.springframework.boot.test.context.SpringBootTestContextBootstrapper - Loaded default TestExecutionListener class names from location [META-INF/spring.factories]: [org.springframework.security.test.context.support.WithSecurityContextTestExecutionListener, org.springframework.security.test.context.support.ReactorContextTestExecutionListener, org.springframework.boot.test.autoconfigure.restdocs.RestDocsTestExecutionListener, org.springframework.boot.test.autoconfigure.web.client.MockRestServiceServerResetTestExecutionListener, org.springframework.boot.test.autoconfigure.web.servlet.MockMvcPrintOnlyOnFailureTestExecutionListener, org.springframework.boot.test.autoconfigure.web.servlet.WebDriverTestExecutionListener, org.springframework.boot.test.autoconfigure.webservices.client.MockWebServiceServerTestExecutionListener, org.springframework.boot.test.mock.mockito.MockitoTestExecutionListener, org.springframework.boot.test.mock.mockito.ResetMocksTestExecutionListener, org.springframework.test.context.web.ServletTestExecutionListener, org.springframework.test.context.support.DirtiesContextBeforeModesTestExecutionListener, org.springframework.test.context.event.ApplicationEventsTestExecutionListener, org.springframework.test.context.support.DependencyInjectionTestExecutionListener, org.springframework.test.context.support.DirtiesContextTestExecutionListener, org.springframework.test.context.transaction.TransactionalTestExecutionListener, org.springframework.test.context.jdbc.SqlScriptsTestExecutionListener, org.springframework.test.context.event.EventPublishingTestExecutionListener]
20:08:58.004 [Test worker] INFO org.springframework.boot.test.context.SpringBootTestContextBootstrapper - Using TestExecutionListeners: [org.springframework.test.context.web.ServletTestExecutionListener@5ea502e0, org.springframework.test.context.support.DirtiesContextBeforeModesTestExecutionListener@443dbe42, org.springframework.test.context.event.ApplicationEventsTestExecutionListener@473b3b7a, org.springframework.boot.test.mock.mockito.MockitoTestExecutionListener@1734f68, org.springframework.boot.test.autoconfigure.SpringBootDependencyInjectionTestExecutionListener@77b7ffa4, org.springframework.test.context.support.DirtiesContextTestExecutionListener@5ed190be, org.springframework.test.context.transaction.TransactionalTestExecutionListener@402f80f5, org.springframework.test.context.jdbc.SqlScriptsTestExecutionListener@5bbc9f97, org.springframework.security.test.context.support.WithSecurityContextTestExecutionListener@133e019b, org.springframework.test.context.event.EventPublishingTestExecutionListener@41382722, org.springframework.security.test.context.support.ReactorContextTestExecutionListener@7dac3fd8, org.springframework.boot.test.autoconfigure.restdocs.RestDocsTestExecutionListener@425357dd, org.springframework.boot.test.autoconfigure.web.client.MockRestServiceServerResetTestExecutionListener@2102a4d5, org.springframework.boot.test.autoconfigure.web.servlet.MockMvcPrintOnlyOnFailureTestExecutionListener@210386e0, org.springframework.boot.test.autoconfigure.web.servlet.WebDriverTestExecutionListener@3d4d3fe7, org.springframework.boot.test.autoconfigure.webservices.client.MockWebServiceServerTestExecutionListener@65f87a2c, org.springframework.boot.test.mock.mockito.ResetMocksTestExecutionListener@51684e4a]
20:08:58.010 [Test worker] DEBUG org.springframework.test.context.support.AbstractDirtiesContextTestExecutionListener - Before test class: context [DefaultTestContext@6cc0bcf6 testClass = MemberServiceTest, testInstance = [null], testMethod = [null], testException = [null], mergedContextConfiguration = [WebMergedContextConfiguration@29539e36 testClass = MemberServiceTest, locations = '{}', classes = '{class com.nuvi.NuviApplication}', contextInitializerClasses = '[]', activeProfiles = '{}', propertySourceLocations = '{}', propertySourceProperties = '{org.springframework.boot.test.context.SpringBootTestContextBootstrapper=true}', contextCustomizers = set[org.springframework.boot.test.autoconfigure.actuate.metrics.MetricsExportContextCustomizerFactory$DisableMetricExportContextCustomizer@bff34c6, org.springframework.boot.test.autoconfigure.properties.PropertyMappingContextCustomizer@0, org.springframework.boot.test.autoconfigure.web.servlet.WebDriverContextCustomizerFactory$Customizer@655f7ea, org.springframework.boot.test.context.filter.ExcludeFilterContextCustomizer@20a14b55, org.springframework.boot.test.json.DuplicateJsonObjectContextCustomizerFactory$DuplicateJsonObjectContextCustomizer@a202ccb, org.springframework.boot.test.mock.mockito.MockitoContextCustomizer@0, org.springframework.boot.test.web.client.TestRestTemplateContextCustomizer@abf688e, org.springframework.boot.test.context.SpringBootTestArgs@1, org.springframework.boot.test.context.SpringBootTestWebEnvironment@24959ca4], resourceBasePath = 'src/main/webapp', contextLoader = 'org.springframework.boot.test.context.SpringBootContextLoader', parent = [null]], attributes = map['org.springframework.test.context.web.ServletTestExecutionListener.activateListener' -> true]], class annotated with @DirtiesContext [false] with mode [null].

  .   ____          _            __ _ _
 /\\ / ___'_ __ _ _(_)_ __  __ _ \ \ \ \
( ( )\___ | '_ | '_| | '_ \/ _` | \ \ \ \
 \\/  ___)| |_)| | | | | || (_| |  ) ) ) )
  '  |____| .__|_| |_|_| |_\__, | / / / /
 =========|_|==============|___/=/_/_/_/
 :: Spring Boot ::                (v2.6.6)

2022-04-06 20:08:58.589  INFO 68486 --- [    Test worker] com.nuvi.service.MemberServiceTest       : Starting MemberServiceTest using Java 11.0.13 on jws-MPro.local with PID 68486 (started by kakjzi in /Users/kakjzi/Documents/myproject/back/neighborhood-back)
2022-04-06 20:08:58.592  INFO 68486 --- [    Test worker] com.nuvi.service.MemberServiceTest       : The following 1 profile is active: "aws"
2022-04-06 20:08:59.744  INFO 68486 --- [    Test worker] .s.d.r.c.RepositoryConfigurationDelegate : Multiple Spring Data modules found, entering strict repository configuration mode!
2022-04-06 20:08:59.749  INFO 68486 --- [    Test worker] .s.d.r.c.RepositoryConfigurationDelegate : Bootstrapping Spring Data JDBC repositories in DEFAULT mode.
2022-04-06 20:08:59.779  INFO 68486 --- [    Test worker] .s.d.r.c.RepositoryConfigurationDelegate : Finished Spring Data repository scanning in 23 ms. Found 0 JDBC repository interfaces.
2022-04-06 20:08:59.813  INFO 68486 --- [    Test worker] .s.d.r.c.RepositoryConfigurationDelegate : Multiple Spring Data modules found, entering strict repository configuration mode!
2022-04-06 20:08:59.814  INFO 68486 --- [    Test worker] .s.d.r.c.RepositoryConfigurationDelegate : Bootstrapping Spring Data JPA repositories in DEFAULT mode.
2022-04-06 20:08:59.819  INFO 68486 --- [    Test worker] .s.d.r.c.RepositoryConfigurationDelegate : Finished Spring Data repository scanning in 2 ms. Found 0 JPA repository interfaces.
2022-04-06 20:09:00.705  INFO 68486 --- [    Test worker] com.zaxxer.hikari.HikariDataSource       : HikariPool-1 - Starting...
2022-04-06 20:09:02.410  INFO 68486 --- [    Test worker] com.zaxxer.hikari.HikariDataSource       : HikariPool-1 - Start completed.
2022-04-06 20:09:02.583  INFO 68486 --- [    Test worker] o.hibernate.jpa.internal.util.LogHelper  : HHH000204: Processing PersistenceUnitInfo [name: default]
2022-04-06 20:09:02.638  INFO 68486 --- [    Test worker] org.hibernate.Version                    : HHH000412: Hibernate ORM core version 5.6.7.Final
2022-04-06 20:09:02.837  INFO 68486 --- [    Test worker] o.hibernate.annotations.common.Version   : HCANN000001: Hibernate Commons Annotations {5.1.2.Final}
2022-04-06 20:09:02.945  INFO 68486 --- [    Test worker] org.hibernate.dialect.Dialect            : HHH000400: Using dialect: org.hibernate.dialect.MySQL5InnoDBDialect
2022-04-06 20:09:03.625  INFO 68486 --- [    Test worker] o.h.e.t.j.p.i.JtaPlatformInitiator       : HHH000490: Using JtaPlatform implementation: [org.hibernate.engine.transaction.jta.platform.internal.NoJtaPlatform]
2022-04-06 20:09:03.634  INFO 68486 --- [    Test worker] j.LocalContainerEntityManagerFactoryBean : Initialized JPA EntityManagerFactory for persistence unit 'default'
memberService = class com.nuvi.service.MemberService
2022-04-06 20:09:04.208  WARN 68486 --- [    Test worker] JpaBaseConfiguration$JpaWebConfiguration : spring.jpa.open-in-view is enabled by default. Therefore, database queries may be performed during view rendering. Explicitly configure spring.jpa.open-in-view to disable this warning
2022-04-06 20:09:04.777  INFO 68486 --- [    Test worker] o.s.b.a.w.s.WelcomePageHandlerMapping    : Adding welcome page: class path resource [static/index.html]
2022-04-06 20:09:05.623  INFO 68486 --- [    Test worker] o.s.s.web.DefaultSecurityFilterChain     : Will not secure any request
2022-04-06 20:09:05.749  INFO 68486 --- [    Test worker] com.nuvi.service.MemberServiceTest       : Started MemberServiceTest in 7.685 seconds (JVM running for 9.352)
Hibernate: 
    select
        member0_.user_id as user_id1_0_,
        member0_.age as age2_0_,
        member0_.create_dt as create_d3_0_,
        member0_.email as email4_0_,
        member0_.is_del as is_del5_0_,
        member0_.nick_name as nick_nam6_0_,
        member0_.passwd as passwd7_0_,
        member0_.region_id as region_i8_0_,
        member0_.update_dt as update_d9_0_ 
    from
        USER member0_
Id : test1
Username : test1
Email : test1@gmail.com
]]></system-out>
  <system-err><![CDATA[]]></system-err>
</testsuite>
